#
# There is insufficient memory for the Java Runtime Environment to continue.
# Native memory allocation (malloc) failed to allocate 32744 bytes for Chunk::new
# Possible reasons:
#   The system is out of physical RAM or swap space
#   The process is running with CompressedOops enabled, and the Java Heap may be blocking the growth of the native heap
# Possible solutions:
#   Reduce memory load on the system
#   Increase physical memory or swap space
#   Check if swap backing store is full
#   Decrease Java heap size (-Xmx/-Xms)
#   Decrease number of Java threads
#   Decrease Java thread stack sizes (-Xss)
#   Set larger code cache with -XX:ReservedCodeCacheSize=
#   JVM is running with Unscaled Compressed Oops mode in which the Java heap is
#     placed in the first 4GB address space. The Java Heap base address is the
#     maximum limit for the native heap growth. Please use -XX:HeapBaseMinAddress
#     to set the Java Heap base and to place the Java Heap above 4GB virtual address.
# This output file may be truncated or incomplete.
#
#  Out of Memory Error (arena.cpp:168), pid=1220, tid=19860
#
# JRE version: Java(TM) SE Runtime Environment (21.0.8+12) (build 21.0.8+12-LTS-250)
# Java VM: Java HotSpot(TM) 64-Bit Server VM (21.0.8+12-LTS-250, mixed mode, sharing, tiered, compressed oops, compressed class ptrs, g1 gc, windows-amd64)
# No core dump will be written. Minidumps are not enabled by default on client versions of Windows
#

---------------  S U M M A R Y ------------

Command Line: -Xmx64m -Xms64m -Dorg.gradle.appname=gradlew S:\Web Projects\AfterCredits\android\\gradle\wrapper\gradle-wrapper.jar assembleRelease --project-dir android

Host: Intel(R) Core(TM) i5-10300H CPU @ 2.50GHz, 8 cores, 23G,  Windows 11 , 64 bit Build 26100 (10.0.26100.7920)
Time: Sun Mar 29 21:52:20 2026 India Standard Time elapsed time: 189.516445 seconds (0d 0h 3m 9s)

---------------  T H R E A D  ---------------

Current thread (0x00000154781a34e0):  JavaThread "C1 CompilerThread0" daemon [_thread_in_native, id=19860, stack(0x0000004d49f00000,0x0000004d4a000000) (1024K)]


Current CompileTask:
C1: 189516 2596       3       org.gradle.internal.logging.console.DefaultAnsiExecutor$AnsiContextImpl::newLine (82 bytes)

Stack: [0x0000004d49f00000,0x0000004d4a000000]
Native frames: (J=compiled Java code, j=interpreted, Vv=VM code, C=native code)
V  [jvm.dll+0x6cc179]
V  [jvm.dll+0x8584c1]
V  [jvm.dll+0x85a9ee]
V  [jvm.dll+0x85b0c3]
V  [jvm.dll+0x27ebf6]
V  [jvm.dll+0xc4f4d]
V  [jvm.dll+0xc5483]
V  [jvm.dll+0x195793]
V  [jvm.dll+0x19585d]
V  [jvm.dll+0x197dc9]
V  [jvm.dll+0x199564]
V  [jvm.dll+0x154363]
V  [jvm.dll+0x153ba8]
V  [jvm.dll+0x153df4]
V  [jvm.dll+0x153226]
V  [jvm.dll+0x154ffd]
V  [jvm.dll+0x256359]
V  [jvm.dll+0x2548ea]
V  [jvm.dll+0x3efef6]
V  [jvm.dll+0x80279b]
V  [jvm.dll+0x6ca85d]
C  [ucrtbase.dll+0x37b0]
C  [KERNEL32.DLL+0x2e8d7]
C  [ntdll.dll+0x8c48c]


---------------  P R O C E S S  ---------------

Threads class SMR info:
_java_thread_list=0x000001547d525820, length=12, elements={
0x000001546ade6f30, 0x0000015478184740, 0x00000154781871a0, 0x000001547818de80,
0x000001547818abd0, 0x000001547818b260, 0x0000015478189eb0, 0x000001547819cfe0,
0x00000154781a34e0, 0x000001547818a540, 0x0000015478480c30, 0x0000015478481950
}

Java Threads: ( => current thread )
  0x000001546ade6f30 JavaThread "main"                              [_thread_blocked, id=30220, stack(0x0000004d49000000,0x0000004d49100000) (1024K)]
  0x0000015478184740 JavaThread "Reference Handler"          daemon [_thread_blocked, id=23492, stack(0x0000004d49800000,0x0000004d49900000) (1024K)]
  0x00000154781871a0 JavaThread "Finalizer"                  daemon [_thread_blocked, id=2264, stack(0x0000004d49900000,0x0000004d49a00000) (1024K)]
  0x000001547818de80 JavaThread "Signal Dispatcher"          daemon [_thread_blocked, id=27972, stack(0x0000004d49a00000,0x0000004d49b00000) (1024K)]
  0x000001547818abd0 JavaThread "Attach Listener"            daemon [_thread_blocked, id=26496, stack(0x0000004d49b00000,0x0000004d49c00000) (1024K)]
  0x000001547818b260 JavaThread "Service Thread"             daemon [_thread_blocked, id=28008, stack(0x0000004d49c00000,0x0000004d49d00000) (1024K)]
  0x0000015478189eb0 JavaThread "Monitor Deflation Thread"   daemon [_thread_blocked, id=4272, stack(0x0000004d49d00000,0x0000004d49e00000) (1024K)]
  0x000001547819cfe0 JavaThread "C2 CompilerThread0"         daemon [_thread_blocked, id=4832, stack(0x0000004d49e00000,0x0000004d49f00000) (1024K)]
=>0x00000154781a34e0 JavaThread "C1 CompilerThread0"         daemon [_thread_in_native, id=19860, stack(0x0000004d49f00000,0x0000004d4a000000) (1024K)]
  0x000001547818a540 JavaThread "Notification Thread"        daemon [_thread_blocked, id=27728, stack(0x0000004d4a000000,0x0000004d4a100000) (1024K)]
  0x0000015478480c30 JavaThread "Common-Cleaner"             daemon [_thread_blocked, id=2732, stack(0x0000004d4a100000,0x0000004d4a200000) (1024K)]
  0x0000015478481950 JavaThread "pool-1-thread-1"                   [_thread_in_native, id=20076, stack(0x0000004d4a200000,0x0000004d4a300000) (1024K)]
Total: 12

Other Threads:
  0x000001547816c500 VMThread "VM Thread"                           [id=24320, stack(0x0000004d49700000,0x0000004d49800000) (1024K)]
  0x000001547815b5f0 WatcherThread "VM Periodic Task Thread"        [id=14496, stack(0x0000004d49600000,0x0000004d49700000) (1024K)]
  0x000001546af84bc0 WorkerThread "GC Thread#0"                     [id=10852, stack(0x0000004d49100000,0x0000004d49200000) (1024K)]
  0x0000015478574a70 WorkerThread "GC Thread#1"                     [id=16228, stack(0x0000004d4a400000,0x0000004d4a500000) (1024K)]
  0x00000154786a2f40 WorkerThread "GC Thread#2"                     [id=29788, stack(0x0000004d4a500000,0x0000004d4a600000) (1024K)]
  0x00000154786a32e0 WorkerThread "GC Thread#3"                     [id=17488, stack(0x0000004d4a600000,0x0000004d4a700000) (1024K)]
  0x000001547d50edf0 WorkerThread "GC Thread#4"                     [id=21140, stack(0x0000004d4a300000,0x0000004d4a400000) (1024K)]
  0x000001547d39bd10 WorkerThread "GC Thread#5"                     [id=17888, stack(0x0000004d4a700000,0x0000004d4a800000) (1024K)]
  0x000001547891e860 WorkerThread "GC Thread#6"                     [id=17532, stack(0x0000004d4a800000,0x0000004d4a900000) (1024K)]
  0x000001547d505dc0 WorkerThread "GC Thread#7"                     [id=11952, stack(0x0000004d4a900000,0x0000004d4aa00000) (1024K)]
  0x000001546af863a0 ConcurrentGCThread "G1 Main Marker"            [id=32912, stack(0x0000004d49200000,0x0000004d49300000) (1024K)]
  0x000001546af87d20 WorkerThread "G1 Conc#0"                       [id=19616, stack(0x0000004d49300000,0x0000004d49400000) (1024K)]
  0x000001546b023e80 ConcurrentGCThread "G1 Refine#0"               [id=34172, stack(0x0000004d49400000,0x0000004d49500000) (1024K)]
  0x000001546b0258a0 ConcurrentGCThread "G1 Service"                [id=34332, stack(0x0000004d49500000,0x0000004d49600000) (1024K)]
Total: 14

Threads with active compile tasks:
C1 CompilerThread0   189556 2596       3       org.gradle.internal.logging.console.DefaultAnsiExecutor$AnsiContextImpl::newLine (82 bytes)
Total: 1

VM state: not at safepoint (normal execution)

VM Mutex/Monitor currently owned by a thread: None

Heap address: 0x00000000fc000000, size: 64 MB, Compressed Oops mode: 32-bit

CDS archive(s) mapped at: [0x000001540f000000-0x000001540fc90000-0x000001540fc90000), size 13172736, SharedBaseAddress: 0x000001540f000000, ArchiveRelocationMode: 1.
Compressed class space mapped at: 0x0000015410000000-0x0000015450000000, reserved size: 1073741824
Narrow klass base: 0x000001540f000000, Narrow klass shift: 0, Narrow klass range: 0x100000000

GC Precious Log:
 CardTable entry size: 512
 Card Set container configuration: InlinePtr #cards 5 size 8 Array Of Cards #cards 12 size 40 Howl #buckets 4 coarsen threshold 1843 Howl Bitmap #cards 512 size 80 coarsen threshold 460 Card regions per heap region 1 cards per card region 2048
 CPUs: 8 total, 8 available
 Memory: 24363M
 Large Page Support: Disabled
 NUMA Support: Disabled
 Compressed Oops: Enabled (32-bit)
 Heap Region Size: 1M
 Heap Min Capacity: 64M
 Heap Initial Capacity: 64M
 Heap Max Capacity: 64M
 Pre-touch: Disabled
 Parallel Workers: 8
 Concurrent Workers: 2
 Concurrent Refinement Workers: 8
 Periodic GC: Disabled

Heap:
 garbage-first heap   total 65536K, used 28640K [0x00000000fc000000, 0x0000000100000000)
  region size 1024K, 23 young (23552K), 5 survivors (5120K)
 Metaspace       used 11031K, committed 11328K, reserved 1114112K
  class space    used 1394K, committed 1536K, reserved 1048576K

Heap Regions: E=young(eden), S=young(survivor), O=old, HS=humongous(starts), HC=humongous(continues), CS=collection set, F=free, TAMS=top-at-mark-start, PB=parsable bottom
|   0|0x00000000fc000000, 0x00000000fc100000, 0x00000000fc100000|100%|HS|  |TAMS 0x00000000fc000000| PB 0x00000000fc000000| Complete 
|   1|0x00000000fc100000, 0x00000000fc200000, 0x00000000fc200000|100%|HC|  |TAMS 0x00000000fc100000| PB 0x00000000fc100000| Complete 
|   2|0x00000000fc200000, 0x00000000fc300000, 0x00000000fc300000|100%|HC|  |TAMS 0x00000000fc200000| PB 0x00000000fc200000| Complete 
|   3|0x00000000fc300000, 0x00000000fc400000, 0x00000000fc400000|100%| O|  |TAMS 0x00000000fc300000| PB 0x00000000fc300000| Untracked 
|   4|0x00000000fc400000, 0x00000000fc500000, 0x00000000fc500000|100%| O|  |TAMS 0x00000000fc400000| PB 0x00000000fc400000| Untracked 
|   5|0x00000000fc500000, 0x00000000fc5f8030, 0x00000000fc600000| 96%| O|  |TAMS 0x00000000fc500000| PB 0x00000000fc500000| Untracked 
|   6|0x00000000fc600000, 0x00000000fc600000, 0x00000000fc700000|  0%| F|  |TAMS 0x00000000fc600000| PB 0x00000000fc600000| Untracked 
|   7|0x00000000fc700000, 0x00000000fc700000, 0x00000000fc800000|  0%| F|  |TAMS 0x00000000fc700000| PB 0x00000000fc700000| Untracked 
|   8|0x00000000fc800000, 0x00000000fc800000, 0x00000000fc900000|  0%| F|  |TAMS 0x00000000fc800000| PB 0x00000000fc800000| Untracked 
|   9|0x00000000fc900000, 0x00000000fc900000, 0x00000000fca00000|  0%| F|  |TAMS 0x00000000fc900000| PB 0x00000000fc900000| Untracked 
|  10|0x00000000fca00000, 0x00000000fca00000, 0x00000000fcb00000|  0%| F|  |TAMS 0x00000000fca00000| PB 0x00000000fca00000| Untracked 
|  11|0x00000000fcb00000, 0x00000000fcb00000, 0x00000000fcc00000|  0%| F|  |TAMS 0x00000000fcb00000| PB 0x00000000fcb00000| Untracked 
|  12|0x00000000fcc00000, 0x00000000fcc00000, 0x00000000fcd00000|  0%| F|  |TAMS 0x00000000fcc00000| PB 0x00000000fcc00000| Untracked 
|  13|0x00000000fcd00000, 0x00000000fcd00000, 0x00000000fce00000|  0%| F|  |TAMS 0x00000000fcd00000| PB 0x00000000fcd00000| Untracked 
|  14|0x00000000fce00000, 0x00000000fce00000, 0x00000000fcf00000|  0%| F|  |TAMS 0x00000000fce00000| PB 0x00000000fce00000| Untracked 
|  15|0x00000000fcf00000, 0x00000000fcf00000, 0x00000000fd000000|  0%| F|  |TAMS 0x00000000fcf00000| PB 0x00000000fcf00000| Untracked 
|  16|0x00000000fd000000, 0x00000000fd000000, 0x00000000fd100000|  0%| F|  |TAMS 0x00000000fd000000| PB 0x00000000fd000000| Untracked 
|  17|0x00000000fd100000, 0x00000000fd100000, 0x00000000fd200000|  0%| F|  |TAMS 0x00000000fd100000| PB 0x00000000fd100000| Untracked 
|  18|0x00000000fd200000, 0x00000000fd200000, 0x00000000fd300000|  0%| F|  |TAMS 0x00000000fd200000| PB 0x00000000fd200000| Untracked 
|  19|0x00000000fd300000, 0x00000000fd300000, 0x00000000fd400000|  0%| F|  |TAMS 0x00000000fd300000| PB 0x00000000fd300000| Untracked 
|  20|0x00000000fd400000, 0x00000000fd400000, 0x00000000fd500000|  0%| F|  |TAMS 0x00000000fd400000| PB 0x00000000fd400000| Untracked 
|  21|0x00000000fd500000, 0x00000000fd500000, 0x00000000fd600000|  0%| F|  |TAMS 0x00000000fd500000| PB 0x00000000fd500000| Untracked 
|  22|0x00000000fd600000, 0x00000000fd600000, 0x00000000fd700000|  0%| F|  |TAMS 0x00000000fd600000| PB 0x00000000fd600000| Untracked 
|  23|0x00000000fd700000, 0x00000000fd700000, 0x00000000fd800000|  0%| F|  |TAMS 0x00000000fd700000| PB 0x00000000fd700000| Untracked 
|  24|0x00000000fd800000, 0x00000000fd900000, 0x00000000fd900000|100%| S|CS|TAMS 0x00000000fd800000| PB 0x00000000fd800000| Complete 
|  25|0x00000000fd900000, 0x00000000fda00000, 0x00000000fda00000|100%| S|CS|TAMS 0x00000000fd900000| PB 0x00000000fd900000| Complete 
|  26|0x00000000fda00000, 0x00000000fdb00000, 0x00000000fdb00000|100%| S|CS|TAMS 0x00000000fda00000| PB 0x00000000fda00000| Complete 
|  27|0x00000000fdb00000, 0x00000000fdc00000, 0x00000000fdc00000|100%| S|CS|TAMS 0x00000000fdb00000| PB 0x00000000fdb00000| Complete 
|  28|0x00000000fdc00000, 0x00000000fdd00000, 0x00000000fdd00000|100%| S|CS|TAMS 0x00000000fdc00000| PB 0x00000000fdc00000| Complete 
|  29|0x00000000fdd00000, 0x00000000fdd00000, 0x00000000fde00000|  0%| F|  |TAMS 0x00000000fdd00000| PB 0x00000000fdd00000| Untracked 
|  30|0x00000000fde00000, 0x00000000fde00000, 0x00000000fdf00000|  0%| F|  |TAMS 0x00000000fde00000| PB 0x00000000fde00000| Untracked 
|  31|0x00000000fdf00000, 0x00000000fdf00000, 0x00000000fe000000|  0%| F|  |TAMS 0x00000000fdf00000| PB 0x00000000fdf00000| Untracked 
|  32|0x00000000fe000000, 0x00000000fe000000, 0x00000000fe100000|  0%| F|  |TAMS 0x00000000fe000000| PB 0x00000000fe000000| Untracked 
|  33|0x00000000fe100000, 0x00000000fe100000, 0x00000000fe200000|  0%| F|  |TAMS 0x00000000fe100000| PB 0x00000000fe100000| Untracked 
|  34|0x00000000fe200000, 0x00000000fe200000, 0x00000000fe300000|  0%| F|  |TAMS 0x00000000fe200000| PB 0x00000000fe200000| Untracked 
|  35|0x00000000fe300000, 0x00000000fe300000, 0x00000000fe400000|  0%| F|  |TAMS 0x00000000fe300000| PB 0x00000000fe300000| Untracked 
|  36|0x00000000fe400000, 0x00000000fe400000, 0x00000000fe500000|  0%| F|  |TAMS 0x00000000fe400000| PB 0x00000000fe400000| Untracked 
|  37|0x00000000fe500000, 0x00000000fe500000, 0x00000000fe600000|  0%| F|  |TAMS 0x00000000fe500000| PB 0x00000000fe500000| Untracked 
|  38|0x00000000fe600000, 0x00000000fe600000, 0x00000000fe700000|  0%| F|  |TAMS 0x00000000fe600000| PB 0x00000000fe600000| Untracked 
|  39|0x00000000fe700000, 0x00000000fe700000, 0x00000000fe800000|  0%| F|  |TAMS 0x00000000fe700000| PB 0x00000000fe700000| Untracked 
|  40|0x00000000fe800000, 0x00000000fe800000, 0x00000000fe900000|  0%| F|  |TAMS 0x00000000fe800000| PB 0x00000000fe800000| Untracked 
|  41|0x00000000fe900000, 0x00000000fe900000, 0x00000000fea00000|  0%| F|  |TAMS 0x00000000fe900000| PB 0x00000000fe900000| Untracked 
|  42|0x00000000fea00000, 0x00000000fea00000, 0x00000000feb00000|  0%| F|  |TAMS 0x00000000fea00000| PB 0x00000000fea00000| Untracked 
|  43|0x00000000feb00000, 0x00000000feb00000, 0x00000000fec00000|  0%| F|  |TAMS 0x00000000feb00000| PB 0x00000000feb00000| Untracked 
|  44|0x00000000fec00000, 0x00000000fec00000, 0x00000000fed00000|  0%| F|  |TAMS 0x00000000fec00000| PB 0x00000000fec00000| Untracked 
|  45|0x00000000fed00000, 0x00000000fed00000, 0x00000000fee00000|  0%| F|  |TAMS 0x00000000fed00000| PB 0x00000000fed00000| Untracked 
|  46|0x00000000fee00000, 0x00000000fee6c8e8, 0x00000000fef00000| 42%| E|  |TAMS 0x00000000fee00000| PB 0x00000000fee00000| Complete 
|  47|0x00000000fef00000, 0x00000000ff000000, 0x00000000ff000000|100%| E|CS|TAMS 0x00000000fef00000| PB 0x00000000fef00000| Complete 
|  48|0x00000000ff000000, 0x00000000ff100000, 0x00000000ff100000|100%| E|CS|TAMS 0x00000000ff000000| PB 0x00000000ff000000| Complete 
|  49|0x00000000ff100000, 0x00000000ff200000, 0x00000000ff200000|100%| E|CS|TAMS 0x00000000ff100000| PB 0x00000000ff100000| Complete 
|  50|0x00000000ff200000, 0x00000000ff300000, 0x00000000ff300000|100%| E|CS|TAMS 0x00000000ff200000| PB 0x00000000ff200000| Complete 
|  51|0x00000000ff300000, 0x00000000ff400000, 0x00000000ff400000|100%| E|CS|TAMS 0x00000000ff300000| PB 0x00000000ff300000| Complete 
|  52|0x00000000ff400000, 0x00000000ff500000, 0x00000000ff500000|100%| E|CS|TAMS 0x00000000ff400000| PB 0x00000000ff400000| Complete 
|  53|0x00000000ff500000, 0x00000000ff600000, 0x00000000ff600000|100%| E|CS|TAMS 0x00000000ff500000| PB 0x00000000ff500000| Complete 
|  54|0x00000000ff600000, 0x00000000ff700000, 0x00000000ff700000|100%| E|CS|TAMS 0x00000000ff600000| PB 0x00000000ff600000| Complete 
|  55|0x00000000ff700000, 0x00000000ff800000, 0x00000000ff800000|100%| E|CS|TAMS 0x00000000ff700000| PB 0x00000000ff700000| Complete 
|  56|0x00000000ff800000, 0x00000000ff900000, 0x00000000ff900000|100%| E|CS|TAMS 0x00000000ff800000| PB 0x00000000ff800000| Complete 
|  57|0x00000000ff900000, 0x00000000ffa00000, 0x00000000ffa00000|100%| E|CS|TAMS 0x00000000ff900000| PB 0x00000000ff900000| Complete 
|  58|0x00000000ffa00000, 0x00000000ffb00000, 0x00000000ffb00000|100%| E|CS|TAMS 0x00000000ffa00000| PB 0x00000000ffa00000| Complete 
|  59|0x00000000ffb00000, 0x00000000ffc00000, 0x00000000ffc00000|100%| E|CS|TAMS 0x00000000ffb00000| PB 0x00000000ffb00000| Complete 
|  60|0x00000000ffc00000, 0x00000000ffd00000, 0x00000000ffd00000|100%| E|CS|TAMS 0x00000000ffc00000| PB 0x00000000ffc00000| Complete 
|  61|0x00000000ffd00000, 0x00000000ffe00000, 0x00000000ffe00000|100%| E|CS|TAMS 0x00000000ffd00000| PB 0x00000000ffd00000| Complete 
|  62|0x00000000ffe00000, 0x00000000fff00000, 0x00000000fff00000|100%| E|CS|TAMS 0x00000000ffe00000| PB 0x00000000ffe00000| Complete 
|  63|0x00000000fff00000, 0x0000000100000000, 0x0000000100000000|100%| E|CS|TAMS 0x00000000fff00000| PB 0x00000000fff00000| Complete 

Card table byte_map: [0x000001546b0a0000,0x000001546b0c0000] _byte_map_base: 0x000001546a8c0000

Marking Bits: (CMBitMap*) 0x000001546af852c0
 Bits: [0x00000154756b0000, 0x00000154757b0000)

Polling page: 0x000001546b030000

Metaspace:

Usage:
  Non-class:      9.41 MB used.
      Class:      1.36 MB used.
       Both:     10.77 MB used.

Virtual space:
  Non-class space:       64.00 MB reserved,       9.56 MB ( 15%) committed,  1 nodes.
      Class space:        1.00 GB reserved,       1.50 MB ( <1%) committed,  1 nodes.
             Both:        1.06 GB reserved,      11.06 MB (  1%) committed. 

Chunk freelists:
   Non-Class:  5.91 MB
       Class:  14.45 MB
        Both:  20.36 MB

MaxMetaspaceSize: unlimited
CompressedClassSpaceSize: 1.00 GB
Initial GC threshold: 21.00 MB
Current GC threshold: 21.00 MB
CDS: on
 - commit_granule_bytes: 65536.
 - commit_granule_words: 8192.
 - virtual_space_node_default_size: 8388608.
 - enlarge_chunks_in_place: 1.
 - use_allocation_guard: 0.


Internal statistics:

num_allocs_failed_limit: 0.
num_arena_births: 330.
num_arena_deaths: 0.
num_vsnodes_births: 2.
num_vsnodes_deaths: 0.
num_space_committed: 177.
num_space_uncommitted: 0.
num_chunks_returned_to_freelist: 0.
num_chunks_taken_from_freelist: 678.
num_chunk_merges: 0.
num_chunk_splits: 433.
num_chunks_enlarged: 285.
num_inconsistent_stats: 0.

CodeHeap 'non-profiled nmethods': size=120000Kb used=1164Kb max_used=1164Kb free=118836Kb
 bounds [0x0000015407ad0000, 0x0000015407d40000, 0x000001540f000000]
CodeHeap 'profiled nmethods': size=120000Kb used=4954Kb max_used=4954Kb free=115045Kb
 bounds [0x0000015400000000, 0x00000154004e0000, 0x0000015407530000]
CodeHeap 'non-nmethods': size=5760Kb used=1431Kb max_used=1456Kb free=4328Kb
 bounds [0x0000015407530000, 0x00000154077a0000, 0x0000015407ad0000]
 total_blobs=3112 nmethods=2594 adapters=422
 compilation: enabled
              stopped_count=0, restarted_count=0
 full_count=0

Compilation events (20 events):
Event: 185.242 Thread 0x00000154781a34e0 nmethod 2586 0x00000154004d3f10 code [0x00000154004d40c0, 0x00000154004d4308]
Event: 185.242 Thread 0x00000154781a34e0 2587       3       org.gradle.internal.logging.text.AbstractLineChoppingStyledTextOutput$3::execute (73 bytes)
Event: 185.242 Thread 0x00000154781a34e0 nmethod 2587 0x00000154004d4410 code [0x00000154004d46a0, 0x00000154004d50f8]
Event: 185.244 Thread 0x000001547819cfe0 2588       4       org.gradle.internal.logging.console.DefaultRedrawableLabel::newLineAdjustment (14 bytes)
Event: 185.245 Thread 0x00000154781a34e0 2589       1       org.gradle.internal.logging.events.RenderableOutputEvent::getBuildOperationId (5 bytes)
Event: 185.245 Thread 0x00000154781a34e0 nmethod 2589 0x0000015407bf2110 code [0x0000015407bf22a0, 0x0000015407bf2368]
Event: 185.245 Thread 0x000001547819cfe0 nmethod 2588 0x0000015407bf2410 code [0x0000015407bf25a0, 0x0000015407bf2648]
Event: 185.245 Thread 0x00000154781a34e0 2590       1       org.gradle.internal.logging.sink.GroupingProgressLogEventGenerator::access$500 (5 bytes)
Event: 185.245 Thread 0x00000154781a34e0 nmethod 2590 0x0000015407bf2710 code [0x0000015407bf28a0, 0x0000015407bf2950]
Event: 185.245 Thread 0x00000154781a34e0 2591       1       org.gradle.internal.logging.events.StyledTextOutputEvent$Span::access$000 (5 bytes)
Event: 185.245 Thread 0x00000154781a34e0 nmethod 2591 0x0000015407bf2a10 code [0x0000015407bf2ba0, 0x0000015407bf2c50]
Event: 185.245 Thread 0x00000154781a34e0 2592       1       org.gradle.internal.logging.events.StyledTextOutputEvent$Span::access$100 (5 bytes)
Event: 185.245 Thread 0x00000154781a34e0 nmethod 2592 0x0000015407bf2d10 code [0x0000015407bf2ea0, 0x0000015407bf2f50]
Event: 189.511 Thread 0x00000154781a34e0 2593       3       org.gradle.internal.logging.console.AnsiConsole$Listener::beforeNewLineWritten (49 bytes)
Event: 189.512 Thread 0x00000154781a34e0 nmethod 2593 0x00000154004d5510 code [0x00000154004d5720, 0x00000154004d5c38]
Event: 189.512 Thread 0x00000154781a34e0 2594       3       org.fusesource.jansi.Ansi::newline (19 bytes)
Event: 189.512 Thread 0x00000154781a34e0 nmethod 2594 0x00000154004d5f90 code [0x00000154004d61a0, 0x00000154004d6610]
Event: 189.512 Thread 0x00000154781a34e0 2595       3       org.gradle.internal.logging.console.DefaultAnsiExecutor::access$400 (6 bytes)
Event: 189.512 Thread 0x00000154781a34e0 nmethod 2595 0x00000154004d6810 code [0x00000154004d69c0, 0x00000154004d6ae0]
Event: 189.512 Thread 0x00000154781a34e0 2596       3       org.gradle.internal.logging.console.DefaultAnsiExecutor$AnsiContextImpl::newLine (82 bytes)

GC Heap History (4 events):
Event: 1.541 GC heap before
{Heap before GC invocations=0 (full 0):
 garbage-first heap   total 65536K, used 22528K [0x00000000fc000000, 0x0000000100000000)
  region size 1024K, 23 young (23552K), 0 survivors (0K)
 Metaspace       used 1589K, committed 1792K, reserved 1114112K
  class space    used 146K, committed 256K, reserved 1048576K
}
Event: 1.554 GC heap after
{Heap after GC invocations=1 (full 0):
 garbage-first heap   total 65536K, used 1792K [0x00000000fc000000, 0x0000000100000000)
  region size 1024K, 2 young (2048K), 2 survivors (2048K)
 Metaspace       used 1589K, committed 1792K, reserved 1114112K
  class space    used 146K, committed 256K, reserved 1048576K
}
Event: 4.612 GC heap before
{Heap before GC invocations=1 (full 0):
 garbage-first heap   total 65536K, used 37632K [0x00000000fc000000, 0x0000000100000000)
  region size 1024K, 35 young (35840K), 2 survivors (2048K)
 Metaspace       used 8315K, committed 8576K, reserved 1114112K
  class space    used 1120K, committed 1216K, reserved 1048576K
}
Event: 4.627 GC heap after
{Heap after GC invocations=2 (full 0):
 garbage-first heap   total 65536K, used 11232K [0x00000000fc000000, 0x0000000100000000)
  region size 1024K, 5 young (5120K), 5 survivors (5120K)
 Metaspace       used 8315K, committed 8576K, reserved 1114112K
  class space    used 1120K, committed 1216K, reserved 1048576K
}

Dll operation events (13 events):
Event: 0.026 Loaded shared library C:\Program Files\Java\jdk-21\bin\java.dll
Event: 0.106 Loaded shared library C:\Program Files\Java\jdk-21\bin\jsvml.dll
Event: 0.162 Loaded shared library C:\Program Files\Java\jdk-21\bin\net.dll
Event: 0.169 Loaded shared library C:\Program Files\Java\jdk-21\bin\nio.dll
Event: 0.178 Loaded shared library C:\Program Files\Java\jdk-21\bin\zip.dll
Event: 0.193 Loaded shared library C:\Program Files\Java\jdk-21\bin\verify.dll
Event: 1.561 Loaded shared library C:\Program Files\Java\jdk-21\bin\jimage.dll
Event: 3.071 Loaded shared library C:\Program Files\Java\jdk-21\bin\management.dll
Event: 3.077 Loaded shared library C:\Program Files\Java\jdk-21\bin\management_ext.dll
Event: 3.222 Loaded shared library C:\Users\gopik\.gradle\native\1def1411415f61bf3af743bc5b6707747c0891f09f0c88961ee8f79bc544acac\windows-amd64\native-platform.dll
Event: 3.324 Loaded shared library C:\Users\gopik\.gradle\native\jansi\1.18\windows64\jansi.dll
Event: 3.772 Loaded shared library C:\Program Files\Java\jdk-21\bin\extnet.dll
Event: 14.763 Loaded shared library C:\Program Files\Java\jdk-21\bin\sunmscapi.dll

Deoptimization events (20 events):
Event: 138.225 Thread 0x000001546ade6f30 DEOPT PACKING pc=0x0000015400474d85 sp=0x0000004d490fda20
Event: 138.225 Thread 0x000001546ade6f30 DEOPT UNPACKING pc=0x0000015407584e42 sp=0x0000004d490fce90 mode 0
Event: 139.701 Thread 0x000001546ade6f30 DEOPT PACKING pc=0x0000015400474d85 sp=0x0000004d490fda20
Event: 139.701 Thread 0x000001546ade6f30 DEOPT UNPACKING pc=0x0000015407584e42 sp=0x0000004d490fce90 mode 0
Event: 142.731 Thread 0x000001546ade6f30 DEOPT PACKING pc=0x0000015400474d85 sp=0x0000004d490fda20
Event: 142.732 Thread 0x000001546ade6f30 DEOPT UNPACKING pc=0x0000015407584e42 sp=0x0000004d490fce90 mode 0
Event: 148.159 Thread 0x000001546ade6f30 Uncommon trap: trap_request=0xffffff45 fr.pc=0x0000015407bc6fe8 relative=0x0000000000000228
Event: 148.159 Thread 0x000001546ade6f30 Uncommon trap: reason=unstable_if action=reinterpret pc=0x0000015407bc6fe8 method=com.esotericsoftware.kryo.io.Input.require(I)I @ 65 c2
Event: 148.159 Thread 0x000001546ade6f30 DEOPT PACKING pc=0x0000015407bc6fe8 sp=0x0000004d490fdc50
Event: 148.160 Thread 0x000001546ade6f30 DEOPT UNPACKING pc=0x00000154075846a2 sp=0x0000004d490fdc00 mode 2
Event: 149.299 Thread 0x000001546ade6f30 Uncommon trap: trap_request=0xffffff45 fr.pc=0x0000015407bd0784 relative=0x0000000000000244
Event: 149.299 Thread 0x000001546ade6f30 Uncommon trap: reason=unstable_if action=reinterpret pc=0x0000015407bd0784 method=com.esotericsoftware.kryo.io.Input.require(I)I @ 207 c2
Event: 149.299 Thread 0x000001546ade6f30 DEOPT PACKING pc=0x0000015407bd0784 sp=0x0000004d490fdcf0
Event: 149.299 Thread 0x000001546ade6f30 DEOPT UNPACKING pc=0x00000154075846a2 sp=0x0000004d490fdc98 mode 2
Event: 170.892 Thread 0x0000015478481950 Uncommon trap: trap_request=0xffffff45 fr.pc=0x0000015407b684a0 relative=0x0000000000000640
Event: 170.892 Thread 0x0000015478481950 Uncommon trap: reason=unstable_if action=reinterpret pc=0x0000015407b684a0 method=java.lang.String.substring(II)Ljava/lang/String; @ 31 c2
Event: 170.892 Thread 0x0000015478481950 DEOPT PACKING pc=0x0000015407b684a0 sp=0x0000004d4a2fec10
Event: 170.892 Thread 0x0000015478481950 DEOPT UNPACKING pc=0x00000154075846a2 sp=0x0000004d4a2febe0 mode 2
Event: 179.031 Thread 0x0000015478481950 DEOPT PACKING pc=0x000001540041b30a sp=0x0000004d4a2fe930
Event: 179.031 Thread 0x0000015478481950 DEOPT UNPACKING pc=0x0000015407584e42 sp=0x0000004d4a2fdda0 mode 0

Classes loaded (20 events):
Event: 84.511 Loading class java/io/ObjectInputStream$PeekInputStream
Event: 84.511 Loading class java/io/ObjectInputStream$PeekInputStream done
Event: 84.511 Loading class java/io/ObjectInputStream$HandleTable
Event: 84.512 Loading class java/io/ObjectInputStream$HandleTable done
Event: 84.512 Loading class java/io/ObjectInputStream$HandleTable$HandleList
Event: 84.512 Loading class java/io/ObjectInputStream$HandleTable$HandleList done
Event: 84.512 Loading class java/io/ObjectInputStream$ValidationList
Event: 84.512 Loading class java/io/ObjectInputStream$ValidationList done
Event: 84.512 Loading class java/io/ObjectInputFilter$Config
Event: 84.512 Loading class java/io/ObjectInputFilter$Config done
Event: 84.512 Loading class java/io/ObjectInputFilter
Event: 84.512 Loading class java/io/ObjectInputFilter done
Event: 84.514 Loading class java/io/ObjectInputFilter$Config$BuiltinFilterFactory
Event: 84.514 Loading class java/io/ObjectInputFilter$Config$BuiltinFilterFactory done
Event: 84.514 Loading class jdk/internal/access/JavaObjectInputFilterAccess
Event: 84.514 Loading class jdk/internal/access/JavaObjectInputFilterAccess done
Event: 102.297 Loading class sun/nio/cs/Surrogate$Parser
Event: 102.297 Loading class sun/nio/cs/Surrogate$Parser done
Event: 102.297 Loading class sun/nio/cs/Surrogate
Event: 102.297 Loading class sun/nio/cs/Surrogate done

Classes unloaded (0 events):
No events

Classes redefined (0 events):
No events

Internal exceptions (20 events):
Event: 3.989 Thread 0x000001546ade6f30 Exception <a 'java/lang/NoSuchMethodError'{0x00000000fe2eec20}: 'java.lang.Object java.lang.invoke.DirectMethodHandle$Holder.invokeStatic(java.lang.Object, java.lang.Object, java.lang.Object, java.lang.Object, java.lang.Object, java.lang.Object, java.lang.Object, java.lang.Object, java.lang.Object, java.lang.Object, java.lang.Object, java.lang.Object, java.lang.Object, java.lang.Object, java.lang.Object, java.lang.Object, java.lang.Object, java.lang.Object, java.lang.Object)'> (0x00000000fe2eec20) 
thrown 
Event: 3.997 Thread 0x000001546ade6f30 Exception <a 'java/lang/NoSuchMethodError'{0x00000000fe1184b0}: 'java.lang.Object java.lang.invoke.DirectMethodHandle$Holder.invokeStatic(java.lang.Object, java.lang.Object, java.lang.Object, java.lang.Object, java.lang.Object, java.lang.Object, java.lang.Object, java.lang.Object, java.lang.Object, java.lang.Object, java.lang.Object, java.lang.Object, java.lang.Object, java.lang.Object, java.lang.Object, java.lang.Object, java.lang.Object, java.lang.Object, java.lang.Object, java.lang.Object)'> (0x00000000
Event: 4.002 Thread 0x000001546ade6f30 Exception <a 'java/lang/NoSuchMethodError'{0x00000000fe142ac0}: 'java.lang.Object java.lang.invoke.DirectMethodHandle$Holder.invokeStatic(java.lang.Object, java.lang.Object, java.lang.Object, java.lang.Object, java.lang.Object, java.lang.Object, java.lang.Object, java.lang.Object, java.lang.Object, java.lang.Object, java.lang.Object, java.lang.Object, java.lang.Object, java.lang.Object, java.lang.Object, java.lang.Object, java.lang.Object, java.lang.Object, java.lang.Object, java.lang.Object, java.lang.Obj
Event: 4.008 Thread 0x000001546ade6f30 Exception <a 'java/lang/NoSuchMethodError'{0x00000000fe16ec50}: 'java.lang.Object java.lang.invoke.DirectMethodHandle$Holder.invokeStatic(java.lang.Object, java.lang.Object, java.lang.Object, java.lang.Object, java.lang.Object, java.lang.Object, java.lang.Object, java.lang.Object, java.lang.Object, java.lang.Object, java.lang.Object, java.lang.Object, java.lang.Object, java.lang.Object, java.lang.Object, java.lang.Object, java.lang.Object, java.lang.Object, java.lang.Object, java.lang.Object, java.lang.Obj
Event: 4.014 Thread 0x000001546ade6f30 Exception <a 'java/lang/NoSuchMethodError'{0x00000000fe19aab8}: 'java.lang.Object java.lang.invoke.DirectMethodHandle$Holder.invokeStatic(java.lang.Object, java.lang.Object, java.lang.Object, java.lang.Object, java.lang.Object, java.lang.Object, java.lang.Object, java.lang.Object, java.lang.Object, java.lang.Object, java.lang.Object, java.lang.Object, java.lang.Object, java.lang.Object, java.lang.Object, java.lang.Object, java.lang.Object, java.lang.Object, java.lang.Object, java.lang.Object, java.lang.Obj
Event: 4.021 Thread 0x000001546ade6f30 Exception <a 'java/lang/NoSuchMethodError'{0x00000000fe1c7300}: 'java.lang.Object java.lang.invoke.DirectMethodHandle$Holder.invokeStatic(java.lang.Object, java.lang.Object, java.lang.Object, java.lang.Object, java.lang.Object, java.lang.Object, java.lang.Object, java.lang.Object, java.lang.Object, java.lang.Object, java.lang.Object, java.lang.Object, java.lang.Object, java.lang.Object, java.lang.Object, java.lang.Object, java.lang.Object, java.lang.Object, java.lang.Object, java.lang.Object, java.lang.Obj
Event: 4.029 Thread 0x000001546ade6f30 Exception <a 'java/lang/NoSuchMethodError'{0x00000000fe1f5970}: 'java.lang.Object java.lang.invoke.DirectMethodHandle$Holder.invokeStatic(java.lang.Object, java.lang.Object, java.lang.Object, java.lang.Object, java.lang.Object, java.lang.Object, java.lang.Object, java.lang.Object, java.lang.Object, java.lang.Object, java.lang.Object, java.lang.Object, java.lang.Object, java.lang.Object, java.lang.Object, java.lang.Object, java.lang.Object, java.lang.Object, java.lang.Object, java.lang.Object, java.lang.Obj
Event: 4.049 Thread 0x000001546ade6f30 Exception <a 'java/lang/NoSuchMethodError'{0x00000000fe019db0}: 'java.lang.Object java.lang.invoke.DirectMethodHandle$Holder.invokeSpecial(java.lang.Object, java.lang.Object, java.lang.Object, java.lang.Object, java.lang.Object, java.lang.Object, java.lang.Object, java.lang.Object, java.lang.Object, java.lang.Object, java.lang.Object, java.lang.Object, java.lang.Object, java.lang.Object, java.lang.Object, java.lang.Object, java.lang.Object, java.lang.Object, java.lang.Object, java.lang.Object, java.lang.Ob
Event: 4.053 Thread 0x000001546ade6f30 Exception <a 'java/lang/NoSuchMethodError'{0x00000000fe02f708}: 'java.lang.Object java.lang.invoke.DirectMethodHandle$Holder.newInvokeSpecial(java.lang.Object, java.lang.Object, java.lang.Object, java.lang.Object, java.lang.Object, java.lang.Object, java.lang.Object, java.lang.Object, java.lang.Object, java.lang.Object, java.lang.Object, java.lang.Object, java.lang.Object, java.lang.Object, java.lang.Object, java.lang.Object, java.lang.Object, java.lang.Object, java.lang.Object, java.lang.Object, java.lang
Event: 4.055 Thread 0x000001546ade6f30 Exception <a 'java/lang/NoSuchMethodError'{0x00000000fe0358b0}: 'java.lang.Object java.lang.invoke.Invokers$Holder.linkToTargetMethod(java.lang.Object, java.lang.Object, java.lang.Object, java.lang.Object, java.lang.Object, java.lang.Object, java.lang.Object, java.lang.Object, java.lang.Object, java.lang.Object, java.lang.Object, java.lang.Object, java.lang.Object, java.lang.Object, java.lang.Object, java.lang.Object, java.lang.Object, java.lang.Object, java.lang.Object, java.lang.Object, java.lang.Object,
Event: 4.057 Thread 0x000001546ade6f30 Exception <a 'java/lang/NoSuchMethodError'{0x00000000fe03a8c0}: 'java.lang.Object java.lang.invoke.DirectMethodHandle$Holder.invokeVirtual(java.lang.Object, java.lang.Object, java.lang.Object, java.lang.Object, java.lang.Object, java.lang.Object, java.lang.Object, java.lang.Object, java.lang.Object, java.lang.Object)'> (0x00000000fe03a8c0) 
thrown [s\open\src\hotspot\share\interpreter\linkResolver.cpp, line 773]
Event: 4.140 Thread 0x000001546ade6f30 Exception <a 'java/lang/NoSuchMethodError'{0x00000000fdf2ef50}: 'java.lang.Object java.lang.invoke.DirectMethodHandle$Holder.invokeVirtual(java.lang.Object, java.lang.Object, java.lang.Object, java.lang.Object, java.lang.Object, java.lang.Object, java.lang.Object, java.lang.Object, java.lang.Object)'> (0x00000000fdf2ef50) 
thrown [s\open\src\hotspot\share\interpreter\linkResolver.cpp, line 773]
Event: 4.255 Thread 0x000001546ade6f30 Exception <a 'java/lang/NoSuchMethodError'{0x00000000fde47630}: 'java.lang.Object java.lang.invoke.DirectMethodHandle$Holder.invokeVirtual(java.lang.Object, java.lang.Object, java.lang.Object, java.lang.Object, java.lang.Object, java.lang.Object, java.lang.Object, java.lang.Object)'> (0x00000000fde47630) 
thrown [s\open\src\hotspot\share\interpreter\linkResolver.cpp, line 773]
Event: 4.324 Thread 0x000001546ade6f30 Exception <a 'java/lang/NoSuchMethodError'{0x00000000fded33f0}: 'java.lang.Object java.lang.invoke.DirectMethodHandle$Holder.invokeStaticInit(java.lang.Object, int, int, int, int)'> (0x00000000fded33f0) 
thrown [s\open\src\hotspot\share\interpreter\linkResolver.cpp, line 773]
Event: 4.570 Thread 0x000001546ade6f30 Exception <a 'java/lang/NoSuchMethodError'{0x00000000fdd7f490}: 'java.lang.Object java.lang.invoke.DirectMethodHandle$Holder.invokeStaticInit(java.lang.Object, java.lang.Object, int, int, int, int)'> (0x00000000fdd7f490) 
thrown [s\open\src\hotspot\share\interpreter\linkResolver.cpp, line 773]
Event: 4.797 Thread 0x000001546ade6f30 Exception <a 'java/lang/NoSuchMethodError'{0x00000000ffeeb9d8}: 'void java.lang.invoke.DirectMethodHandle$Holder.invokeInterface(java.lang.Object, java.lang.Object, java.lang.Object)'> (0x00000000ffeeb9d8) 
thrown [s\open\src\hotspot\share\interpreter\linkResolver.cpp, line 773]
Event: 5.219 Thread 0x0000015478482670 Exception <a 'java/lang/NoSuchMethodError'{0x00000000ff88dae8}: 'void java.lang.invoke.DirectMethodHandle$Holder.invokeStatic(java.lang.Object, long)'> (0x00000000ff88dae8) 
thrown [s\open\src\hotspot\share\interpreter\linkResolver.cpp, line 773]
Event: 5.220 Thread 0x0000015478482670 Exception <a 'java/lang/NoSuchMethodError'{0x00000000ff892d00}: 'java.lang.Object java.lang.invoke.DirectMethodHandle$Holder.newInvokeSpecial(java.lang.Object, long)'> (0x00000000ff892d00) 
thrown [s\open\src\hotspot\share\interpreter\linkResolver.cpp, line 773]
Event: 5.224 Thread 0x0000015478482670 Exception <a 'java/lang/NoSuchMethodError'{0x00000000ff899ad8}: 'java.lang.Object java.lang.invoke.DirectMethodHandle$Holder.invokeStatic(java.lang.Object, long, java.lang.Object)'> (0x00000000ff899ad8) 
thrown [s\open\src\hotspot\share\interpreter\linkResolver.cpp, line 773]
Event: 5.225 Thread 0x0000015478482670 Exception <a 'java/lang/NoSuchMethodError'{0x00000000ff89d270}: 'java.lang.Object java.lang.invoke.DirectMethodHandle$Holder.invokeStaticInit(java.lang.Object, long, java.lang.Object)'> (0x00000000ff89d270) 
thrown [s\open\src\hotspot\share\interpreter\linkResolver.cpp, line 773]

ZGC Phase Switch (0 events):
No events

VM Operations (20 events):
Event: 154.119 Executing VM operation: Cleanup
Event: 154.119 Executing VM operation: Cleanup done
Event: 155.132 Executing VM operation: Cleanup
Event: 155.132 Executing VM operation: Cleanup done
Event: 158.144 Executing VM operation: Cleanup
Event: 158.144 Executing VM operation: Cleanup done
Event: 162.168 Executing VM operation: Cleanup
Event: 162.168 Executing VM operation: Cleanup done
Event: 163.168 Executing VM operation: Cleanup
Event: 163.169 Executing VM operation: Cleanup done
Event: 164.169 Executing VM operation: Cleanup
Event: 164.169 Executing VM operation: Cleanup done
Event: 175.270 Executing VM operation: Cleanup
Event: 175.270 Executing VM operation: Cleanup done
Event: 178.295 Executing VM operation: Cleanup
Event: 178.295 Executing VM operation: Cleanup done
Event: 181.326 Executing VM operation: Cleanup
Event: 181.326 Executing VM operation: Cleanup done
Event: 185.376 Executing VM operation: Cleanup
Event: 185.377 Executing VM operation: Cleanup done

Events (20 events):
Event: 0.101 Thread 0x00000154781a34e0 Thread added: 0x00000154781a34e0
Event: 0.147 Thread 0x000001547818a540 Thread added: 0x000001547818a540
Event: 0.152 Thread 0x0000015478480c30 Thread added: 0x0000015478480c30
Event: 1.529 Thread 0x00000154785b67d0 Thread added: 0x00000154785b67d0
Event: 1.537 Thread 0x00000154785743d0 Thread added: 0x00000154785743d0
Event: 1.816 Thread 0x00000154785743d0 Thread exited: 0x00000154785743d0
Event: 2.403 Thread 0x000001547d25f600 Thread added: 0x000001547d25f600
Event: 2.831 Thread 0x000001547d25f600 Thread exited: 0x000001547d25f600
Event: 3.010 Thread 0x00000154785b67d0 Thread exited: 0x00000154785b67d0
Event: 3.384 Thread 0x0000015478481950 Thread added: 0x0000015478481950
Event: 3.955 Thread 0x000001547891e330 Thread added: 0x000001547891e330
Event: 4.547 Thread 0x000001547891e330 Thread exited: 0x000001547891e330
Event: 4.724 Thread 0x000001547d56c7c0 Thread added: 0x000001547d56c7c0
Event: 5.194 Thread 0x0000015478482670 Thread added: 0x0000015478482670
Event: 5.241 Thread 0x000001547847f1f0 Thread added: 0x000001547847f1f0
Event: 5.242 Thread 0x000001547847f1f0 Thread exited: 0x000001547847f1f0
Event: 5.244 Thread 0x000001547847f880 Thread added: 0x000001547847f880
Event: 6.316 Thread 0x000001547d56c7c0 Thread exited: 0x000001547d56c7c0
Event: 14.600 Thread 0x000001547847f880 Thread exited: 0x000001547847f880
Event: 14.600 Thread 0x0000015478482670 Thread exited: 0x0000015478482670


Dynamic libraries:
0x00007ff7acf30000 - 0x00007ff7acf40000 	C:\Program Files\Java\jdk-21\bin\java.exe
0x00007ff84ed60000 - 0x00007ff84efc7000 	C:\Windows\SYSTEM32\ntdll.dll
0x00007ff84e060000 - 0x00007ff84e129000 	C:\Windows\System32\KERNEL32.DLL
0x00007ff84b7c0000 - 0x00007ff84bbb1000 	C:\Windows\System32\KERNELBASE.dll
0x00007ff84bbc0000 - 0x00007ff84bd0b000 	C:\Windows\System32\ucrtbase.dll
0x00007ff842630000 - 0x00007ff84264b000 	C:\Program Files\Java\jdk-21\bin\VCRUNTIME140.dll
0x00007ff8437a0000 - 0x00007ff8437b9000 	C:\Program Files\Java\jdk-21\bin\jli.dll
0x00007ff84cc30000 - 0x00007ff84cceb000 	C:\Windows\System32\ADVAPI32.dll
0x00007ff84cb00000 - 0x00007ff84cba9000 	C:\Windows\System32\msvcrt.dll
0x00007ff84d340000 - 0x00007ff84d3e7000 	C:\Windows\System32\sechost.dll
0x00007ff84eb90000 - 0x00007ff84eca8000 	C:\Windows\System32\RPCRT4.dll
0x00007ff84e880000 - 0x00007ff84ea45000 	C:\Windows\System32\USER32.dll
0x00007ff833390000 - 0x00007ff833623000 	C:\Windows\WinSxS\amd64_microsoft.windows.common-controls_6595b64144ccf1df_6.0.26100.8037_none_3e092faae333b53b\COMCTL32.dll
0x00007ff84b640000 - 0x00007ff84b667000 	C:\Windows\System32\win32u.dll
0x00007ff84d090000 - 0x00007ff84d0bb000 	C:\Windows\System32\GDI32.dll
0x00007ff84bd10000 - 0x00007ff84be3b000 	C:\Windows\System32\gdi32full.dll
0x00007ff84be40000 - 0x00007ff84bee3000 	C:\Windows\System32\msvcp_win.dll
0x00007ff83cce0000 - 0x00007ff83cceb000 	C:\Windows\SYSTEM32\VERSION.dll
0x00007ff84ea50000 - 0x00007ff84ea81000 	C:\Windows\System32\IMM32.DLL
0x00007ff8438a0000 - 0x00007ff8438ac000 	C:\Program Files\Java\jdk-21\bin\vcruntime140_1.dll
0x00007ff833a20000 - 0x00007ff833aae000 	C:\Program Files\Java\jdk-21\bin\msvcp140.dll
0x00007fff80f10000 - 0x00007fff81c2d000 	C:\Program Files\Java\jdk-21\bin\server\jvm.dll
0x00007ff84d2a0000 - 0x00007ff84d314000 	C:\Windows\System32\WS2_32.dll
0x00007ff84b4a0000 - 0x00007ff84b4fe000 	C:\Windows\SYSTEM32\POWRPROF.dll
0x00007ff838630000 - 0x00007ff838665000 	C:\Windows\SYSTEM32\WINMM.dll
0x00007ff84b480000 - 0x00007ff84b494000 	C:\Windows\SYSTEM32\UMPDC.dll
0x00007ff84a3d0000 - 0x00007ff84a3eb000 	C:\Windows\SYSTEM32\kernel.appcore.dll
0x00007ff842470000 - 0x00007ff84247a000 	C:\Program Files\Java\jdk-21\bin\jimage.dll
0x00007ff848da0000 - 0x00007ff848fe2000 	C:\Windows\SYSTEM32\DBGHELP.DLL
0x00007ff84cd00000 - 0x00007ff84d082000 	C:\Windows\System32\combase.dll
0x00007ff84e1d0000 - 0x00007ff84e2a7000 	C:\Windows\System32\OLEAUT32.dll
0x00007ff826420000 - 0x00007ff82645b000 	C:\Windows\SYSTEM32\dbgcore.DLL
0x00007ff84ca50000 - 0x00007ff84caf5000 	C:\Windows\System32\bcryptPrimitives.dll
0x00007ff840860000 - 0x00007ff84087f000 	C:\Program Files\Java\jdk-21\bin\java.dll
0x00007ff84d3f0000 - 0x00007ff84db4f000 	C:\Windows\System32\SHELL32.dll
0x00007ff84c760000 - 0x00007ff84c8ca000 	C:\Windows\System32\wintypes.dll
0x00007ff84bef0000 - 0x00007ff84c754000 	C:\Windows\System32\windows.storage.dll
0x00007ff84db60000 - 0x00007ff84dc57000 	C:\Windows\System32\SHCORE.dll
0x00007ff84e810000 - 0x00007ff84e877000 	C:\Windows\System32\shlwapi.dll
0x00007ff84b560000 - 0x00007ff84b589000 	C:\Windows\SYSTEM32\profapi.dll
0x00007fffaac20000 - 0x00007fffaacf7000 	C:\Program Files\Java\jdk-21\bin\jsvml.dll
0x00007ff842000000 - 0x00007ff842010000 	C:\Program Files\Java\jdk-21\bin\net.dll
0x00007ff842770000 - 0x00007ff842897000 	C:\Windows\SYSTEM32\WINHTTP.dll
0x00007ff84a940000 - 0x00007ff84a9ab000 	C:\Windows\system32\mswsock.dll
0x00007ff836cf0000 - 0x00007ff836d06000 	C:\Program Files\Java\jdk-21\bin\nio.dll
0x00007ff833a00000 - 0x00007ff833a18000 	C:\Program Files\Java\jdk-21\bin\zip.dll
0x00007ff8408f0000 - 0x00007ff840900000 	C:\Program Files\Java\jdk-21\bin\verify.dll
0x00007ff8408c0000 - 0x00007ff8408ca000 	C:\Program Files\Java\jdk-21\bin\management.dll
0x00007ff83cf60000 - 0x00007ff83cf6b000 	C:\Program Files\Java\jdk-21\bin\management_ext.dll
0x00007ff84ed10000 - 0x00007ff84ed18000 	C:\Windows\System32\PSAPI.DLL
0x00007ff8339d0000 - 0x00007ff8339f7000 	C:\Users\gopik\.gradle\native\1def1411415f61bf3af743bc5b6707747c0891f09f0c88961ee8f79bc544acac\windows-amd64\native-platform.dll
0x00007ff83cf20000 - 0x00007ff83cf2a000 	C:\Users\gopik\.gradle\native\jansi\1.18\windows64\jansi.dll
0x00007ff849e50000 - 0x00007ff849e83000 	C:\Windows\SYSTEM32\IPHLPAPI.DLL
0x00007ff84ccf0000 - 0x00007ff84ccfa000 	C:\Windows\System32\NSI.dll
0x00007ff83b440000 - 0x00007ff83b449000 	C:\Program Files\Java\jdk-21\bin\extnet.dll
0x00007ff84ac20000 - 0x00007ff84ac3b000 	C:\Windows\SYSTEM32\CRYPTSP.dll
0x00007ff84a330000 - 0x00007ff84a369000 	C:\Windows\system32\rsaenh.dll
0x00007ff84a9f0000 - 0x00007ff84aa22000 	C:\Windows\SYSTEM32\USERENV.dll
0x00007ff84b530000 - 0x00007ff84b55a000 	C:\Windows\SYSTEM32\bcrypt.dll
0x00007ff84ac40000 - 0x00007ff84ac4c000 	C:\Windows\SYSTEM32\CRYPTBASE.dll
0x00007ff835210000 - 0x00007ff83521e000 	C:\Program Files\Java\jdk-21\bin\sunmscapi.dll
0x00007ff84c8d0000 - 0x00007ff84ca47000 	C:\Windows\System32\CRYPT32.dll
0x00007ff84ae40000 - 0x00007ff84ae70000 	C:\Windows\SYSTEM32\ncrypt.dll
0x00007ff84adf0000 - 0x00007ff84ae2f000 	C:\Windows\SYSTEM32\NTASN1.dll
0x00007ff820700000 - 0x00007ff820708000 	C:\Windows\system32\wshunix.dll

dbghelp: loaded successfully - version: 4.0.5 - missing functions: none
symbol engine: initialized successfully - sym options: 0x614 - pdb path: .;C:\Program Files\Java\jdk-21\bin;C:\Windows\SYSTEM32;C:\Windows\WinSxS\amd64_microsoft.windows.common-controls_6595b64144ccf1df_6.0.26100.8037_none_3e092faae333b53b;C:\Program Files\Java\jdk-21\bin\server;C:\Users\gopik\.gradle\native\1def1411415f61bf3af743bc5b6707747c0891f09f0c88961ee8f79bc544acac\windows-amd64;C:\Users\gopik\.gradle\native\jansi\1.18\windows64

VM Arguments:
jvm_args: -Xmx64m -Xms64m -Dorg.gradle.appname=gradlew 
java_command: S:\Web Projects\AfterCredits\android\\gradle\wrapper\gradle-wrapper.jar assembleRelease --project-dir android
java_class_path (initial): S:\Web Projects\AfterCredits\android\\gradle\wrapper\gradle-wrapper.jar
Launcher Type: SUN_STANDARD

[Global flags]
     intx CICompilerCount                          = 4                                         {product} {ergonomic}
     uint ConcGCThreads                            = 2                                         {product} {ergonomic}
     uint G1ConcRefinementThreads                  = 8                                         {product} {ergonomic}
   size_t G1HeapRegionSize                         = 1048576                                   {product} {ergonomic}
    uintx GCDrainStackTargetSize                   = 64                                        {product} {ergonomic}
   size_t InitialHeapSize                          = 67108864                                  {product} {command line}
   size_t MarkStackSize                            = 4194304                                   {product} {ergonomic}
   size_t MaxHeapSize                              = 67108864                                  {product} {command line}
   size_t MaxNewSize                               = 39845888                                  {product} {ergonomic}
   size_t MinHeapDeltaBytes                        = 1048576                                   {product} {ergonomic}
   size_t MinHeapSize                              = 67108864                                  {product} {command line}
    uintx NonNMethodCodeHeapSize                   = 5839372                                {pd product} {ergonomic}
    uintx NonProfiledCodeHeapSize                  = 122909434                              {pd product} {ergonomic}
    uintx ProfiledCodeHeapSize                     = 122909434                              {pd product} {ergonomic}
    uintx ReservedCodeCacheSize                    = 251658240                              {pd product} {ergonomic}
     bool SegmentedCodeCache                       = true                                      {product} {ergonomic}
   size_t SoftMaxHeapSize                          = 67108864                               {manageable} {ergonomic}
     bool UseCompressedOops                        = true                           {product lp64_product} {ergonomic}
     bool UseG1GC                                  = true                                      {product} {ergonomic}
     bool UseLargePagesIndividualAllocation        = false                                  {pd product} {ergonomic}

Logging:
Log output configuration:
 #0: stdout all=warning uptime,level,tags foldmultilines=false
 #1: stderr all=off uptime,level,tags foldmultilines=false

Environment Variables:
JAVA_HOME=C:\Program Files\Java\jdk-21
PATH=C:\Program Files\WindowsApps\Microsoft.PowerShell_7.5.5.0_x64__8wekyb3d8bbwe;C:\Program Files\Common Files\Oracle\Java\javapath;C:\Program Files (x86)\Common Files\Oracle\Java\java8path;C:\Program Files (x86)\Common Files\Oracle\Java\javapath;C:\Windows\system32;C:\Windows;C:\Windows\System32\Wbem;C:\Windows\System32\WindowsPowerShell\v1.0\;C:\Windows\System32\OpenSSH\;C:\Program Files\dotnet\;C:\Program Files\NVIDIA Corporation\NVIDIA App\NvDLISR;C:\Program Files (x86)\NVIDIA Corporation\PhysX\Common;C:\Program Files\Git\cmd;C:\ProgramData\chocolatey\bin;C:\Program Files\nodejs\;S:\Software\Git LFS;S:\Software\Playit\bin\;C:\Program Files\Go\bin;S:\Software\Sunshine;S:\Software\Sunshine\tools;C:\Users\gopik\.cargo\bin;C:\Users\gopik\AppData\Local\Programs\Python\Python314\Scripts\;C:\Users\gopik\AppData\Local\Programs\Python\Python314\;C:\Users\gopik\AppData\Local\Programs\Python\Python313\Scripts\;C:\Users\gopik\AppData\Local\Programs\Python\Python313\;C:\Users\gopik\scoop\shims;S:\Software\Node\;S:\Software\Node\;S:\Software\Android\platform-tools;S:\Software\Android\cmdline-tools\latest\bin;S:\Software\flutter\bin;S:\Software\Microsoft VS Code\bin;C:\Users\gopik\AppData\Local\Programs\Python\Python313;C:\Users\gopik\AppData\Local\Programs\Python\Python313\Scripts;C:\Users\gopik\AppData\Roaming\npm;S:\Software\syncthing-windows-amd64-v1.29.6\syncthing-windows-amd64-v1.29.6;C:\Users\gopik\go\bin;C:\Users\gopik\go\bin;s:\Web Projects\PokéSplash\pokesplash.exe;s:\Web Projects\PokéSplash;C:\Users\gopik\AppData\Local\Microsoft\WindowsApps;S:\Software\Visual Studio\VC\Redist\MSVC\14.44.34433\x64\Microsoft.VC144.CRT;C:\Users\gopik\AppData\Local\GitHubDesktop\bin;C:\Users\gopik\AppData\Roaming\npm;C:\Users\gopik\AppData\Local\Programs\Antigravity\bin;C:\Users\gopik\AppData\Local\PowerToys\DSCModules\
USERNAME=gopik
LANG=en_US.UTF-8
OS=Windows_NT
PROCESSOR_IDENTIFIER=Intel64 Family 6 Model 165 Stepping 2, GenuineIntel
TMP=C:\Users\gopik\AppData\Local\Temp
TEMP=C:\Users\gopik\AppData\Local\Temp




Periodic native trim disabled

---------------  S Y S T E M  ---------------

OS:
 Windows 11 , 64 bit Build 26100 (10.0.26100.7920)
OS uptime: 1 days 22:03 hours
Hyper-V role detected

CPU: total 8 (initial active 8) (4 cores per cpu, 2 threads per core) family 6 model 165 stepping 2 microcode 0xe0, cx8, cmov, fxsr, ht, mmx, 3dnowpref, sse, sse2, sse3, ssse3, sse4.1, sse4.2, popcnt, lzcnt, tsc, tscinvbit, avx, avx2, aes, erms, clmul, bmi1, bmi2, adx, fma, vzeroupper, clflush, clflushopt, hv, rdtscp, f16c
Processor Information for all 8 processors :
  Max Mhz: 2496, Current Mhz: 2496, Mhz Limit: 2496

Memory: 4k page, system-wide physical 24363M (4887M free)
TotalPageFile size 34081M (AvailPageFile size 109M)
current process WorkingSet (physical memory assigned to process): 114M, peak: 117M
current process commit charge ("private bytes"): 169M, peak: 173M

vm_info: Java HotSpot(TM) 64-Bit Server VM (21.0.8+12-LTS-250) for windows-amd64 JRE (21.0.8+12-LTS-250), built on 2025-06-27T08:11:22Z by "mach5one" with MS VC++ 17.6 (VS2022)

END.
